生成启动时间为 2016/4/22 16:43:26。
     1>项目“C:\Users\Administrator\Documents\Visual Studio 2013\Projects\ReadHdf5File\ReadHdf5File\ReadHdf5File.vcxproj”在节点 2 上(Build 个目标)。
     1>Link:
         D:\Program Files (x86)\Microsoft Visual Studio 12.0\VC\bin\link.exe /ERRORREPORT:PROMPT /OUT:"C:\Users\Administrator\Documents\Visual Studio 2013\Projects\ReadHdf5File\Debug\ReadHdf5File.exe" /INCREMENTAL /NOLOGO libszip.lib libzlib.lib libhdf5.lib libhdf5_cpp.lib kernel32.lib user32.lib gdi32.lib winspool.lib comdlg32.lib advapi32.lib shell32.lib ole32.lib oleaut32.lib uuid.lib odbc32.lib odbccp32.lib /MANIFEST /MANIFESTUAC:"level='asInvoker' uiAccess='false'" /manifest:embed /DEBUG /PDB:"C:\Users\Administrator\Documents\Visual Studio 2013\Projects\ReadHdf5File\Debug\ReadHdf5File.pdb" /SUBSYSTEM:CONSOLE /TLBID:1 /DYNAMICBASE /NXCOMPAT /IMPLIB:"C:\Users\Administrator\Documents\Visual Studio 2013\Projects\ReadHdf5File\Debug\ReadHdf5File.lib" /MACHINE:X86 Debug\GetHdfInfo.obj
         Debug\ReadHdf5File.obj
         Debug\stdafx.obj
     1>LINK : warning LNK4098: 默认库“MSVCRT”与其他库的使用冲突；请使用 /NODEFAULTLIB:library
     1>libszip.lib(rice.obj) : warning LNK4099: 未找到 PDB“vc120.pdb”(使用“libszip.lib(rice.obj)”或在“C:\Users\Administrator\Documents\Visual Studio 2013\Projects\ReadHdf5File\Debug\vc120.pdb”中寻找)；正在链接对象，如同没有调试信息一样
     1>libszip.lib(sz_api.obj) : warning LNK4099: 未找到 PDB“vc120.pdb”(使用“libszip.lib(sz_api.obj)”或在“C:\Users\Administrator\Documents\Visual Studio 2013\Projects\ReadHdf5File\Debug\vc120.pdb”中寻找)；正在链接对象，如同没有调试信息一样
     1>libszip.lib(encoding.obj) : warning LNK4099: 未找到 PDB“vc120.pdb”(使用“libszip.lib(encoding.obj)”或在“C:\Users\Administrator\Documents\Visual Studio 2013\Projects\ReadHdf5File\Debug\vc120.pdb”中寻找)；正在链接对象，如同没有调试信息一样
     1>libzlib.lib(adler32.obj) : warning LNK4099: 未找到 PDB“vc120.pdb”(使用“libzlib.lib(adler32.obj)”或在“C:\Users\Administrator\Documents\Visual Studio 2013\Projects\ReadHdf5File\Debug\vc120.pdb”中寻找)；正在链接对象，如同没有调试信息一样
     1>libzlib.lib(compress.obj) : warning LNK4099: 未找到 PDB“vc120.pdb”(使用“libzlib.lib(compress.obj)”或在“C:\Users\Administrator\Documents\Visual Studio 2013\Projects\ReadHdf5File\Debug\vc120.pdb”中寻找)；正在链接对象，如同没有调试信息一样
     1>libzlib.lib(crc32.obj) : warning LNK4099: 未找到 PDB“vc120.pdb”(使用“libzlib.lib(crc32.obj)”或在“C:\Users\Administrator\Documents\Visual Studio 2013\Projects\ReadHdf5File\Debug\vc120.pdb”中寻找)；正在链接对象，如同没有调试信息一样
     1>libzlib.lib(deflate.obj) : warning LNK4099: 未找到 PDB“vc120.pdb”(使用“libzlib.lib(deflate.obj)”或在“C:\Users\Administrator\Documents\Visual Studio 2013\Projects\ReadHdf5File\Debug\vc120.pdb”中寻找)；正在链接对象，如同没有调试信息一样
     1>libzlib.lib(inflate.obj) : warning LNK4099: 未找到 PDB“vc120.pdb”(使用“libzlib.lib(inflate.obj)”或在“C:\Users\Administrator\Documents\Visual Studio 2013\Projects\ReadHdf5File\Debug\vc120.pdb”中寻找)；正在链接对象，如同没有调试信息一样
     1>libzlib.lib(inftrees.obj) : warning LNK4099: 未找到 PDB“vc120.pdb”(使用“libzlib.lib(inftrees.obj)”或在“C:\Users\Administrator\Documents\Visual Studio 2013\Projects\ReadHdf5File\Debug\vc120.pdb”中寻找)；正在链接对象，如同没有调试信息一样
     1>libzlib.lib(inffast.obj) : warning LNK4099: 未找到 PDB“vc120.pdb”(使用“libzlib.lib(inffast.obj)”或在“C:\Users\Administrator\Documents\Visual Studio 2013\Projects\ReadHdf5File\Debug\vc120.pdb”中寻找)；正在链接对象，如同没有调试信息一样
     1>libzlib.lib(trees.obj) : warning LNK4099: 未找到 PDB“vc120.pdb”(使用“libzlib.lib(trees.obj)”或在“C:\Users\Administrator\Documents\Visual Studio 2013\Projects\ReadHdf5File\Debug\vc120.pdb”中寻找)；正在链接对象，如同没有调试信息一样
     1>libzlib.lib(zutil.obj) : warning LNK4099: 未找到 PDB“vc120.pdb”(使用“libzlib.lib(zutil.obj)”或在“C:\Users\Administrator\Documents\Visual Studio 2013\Projects\ReadHdf5File\Debug\vc120.pdb”中寻找)；正在链接对象，如同没有调试信息一样
     1>libhdf5.lib(H5.obj) : warning LNK4099: 未找到 PDB“vc120.pdb”(使用“libhdf5.lib(H5.obj)”或在“C:\Users\Administrator\Documents\Visual Studio 2013\Projects\ReadHdf5File\Debug\vc120.pdb”中寻找)；正在链接对象，如同没有调试信息一样
     1>libhdf5.lib(H5checksum.obj) : warning LNK4099: 未找到 PDB“vc120.pdb”(使用“libhdf5.lib(H5checksum.obj)”或在“C:\Users\Administrator\Documents\Visual Studio 2013\Projects\ReadHdf5File\Debug\vc120.pdb”中寻找)；正在链接对象，如同没有调试信息一样
     1>libhdf5.lib(H5system.obj) : warning LNK4099: 未找到 PDB“vc120.pdb”(使用“libhdf5.lib(H5system.obj)”或在“C:\Users\Administrator\Documents\Visual Studio 2013\Projects\ReadHdf5File\Debug\vc120.pdb”中寻找)；正在链接对象，如同没有调试信息一样
     1>libhdf5.lib(H5timer.obj) : warning LNK4099: 未找到 PDB“vc120.pdb”(使用“libhdf5.lib(H5timer.obj)”或在“C:\Users\Administrator\Documents\Visual Studio 2013\Projects\ReadHdf5File\Debug\vc120.pdb”中寻找)；正在链接对象，如同没有调试信息一样
     1>libhdf5.lib(H5A.obj) : warning LNK4099: 未找到 PDB“vc120.pdb”(使用“libhdf5.lib(H5A.obj)”或在“C:\Users\Administrator\Documents\Visual Studio 2013\Projects\ReadHdf5File\Debug\vc120.pdb”中寻找)；正在链接对象，如同没有调试信息一样
     1>libhdf5.lib(H5Abtree2.obj) : warning LNK4099: 未找到 PDB“vc120.pdb”(使用“libhdf5.lib(H5Abtree2.obj)”或在“C:\Users\Administrator\Documents\Visual Studio 2013\Projects\ReadHdf5File\Debug\vc120.pdb”中寻找)；正在链接对象，如同没有调试信息一样
     1>libhdf5.lib(H5Adense.obj) : warning LNK4099: 未找到 PDB“vc120.pdb”(使用“libhdf5.lib(H5Adense.obj)”或在“C:\Users\Administrator\Documents\Visual Studio 2013\Projects\ReadHdf5File\Debug\vc120.pdb”中寻找)；正在链接对象，如同没有调试信息一样
     1>libhdf5.lib(H5Adeprec.obj) : warning LNK4099: 未找到 PDB“vc120.pdb”(使用“libhdf5.lib(H5Adeprec.obj)”或在“C:\Users\Administrator\Documents\Visual Studio 2013\Projects\ReadHdf5File\Debug\vc120.pdb”中寻找)；正在链接对象，如同没有调试信息一样
     1>libhdf5.lib(H5Aint.obj) : warning LNK4099: 未找到 PDB“vc120.pdb”(使用“libhdf5.lib(H5Aint.obj)”或在“C:\Users\Administrator\Documents\Visual Studio 2013\Projects\ReadHdf5File\Debug\vc120.pdb”中寻找)；正在链接对象，如同没有调试信息一样
     1>libhdf5.lib(H5AC.obj) : warning LNK4099: 未找到 PDB“vc120.pdb”(使用“libhdf5.lib(H5AC.obj)”或在“C:\Users\Administrator\Documents\Visual Studio 2013\Projects\ReadHdf5File\Debug\vc120.pdb”中寻找)；正在链接对象，如同没有调试信息一样
     1>libhdf5.lib(H5B.obj) : warning LNK4099: 未找到 PDB“vc120.pdb”(使用“libhdf5.lib(H5B.obj)”或在“C:\Users\Administrator\Documents\Visual Studio 2013\Projects\ReadHdf5File\Debug\vc120.pdb”中寻找)；正在链接对象，如同没有调试信息一样
     1>libhdf5.lib(H5B2.obj) : warning LNK4099: 未找到 PDB“vc120.pdb”(使用“libhdf5.lib(H5B2.obj)”或在“C:\Users\Administrator\Documents\Visual Studio 2013\Projects\ReadHdf5File\Debug\vc120.pdb”中寻找)；正在链接对象，如同没有调试信息一样
     1>libhdf5.lib(H5B2cache.obj) : warning LNK4099: 未找到 PDB“vc120.pdb”(使用“libhdf5.lib(H5B2cache.obj)”或在“C:\Users\Administrator\Documents\Visual Studio 2013\Projects\ReadHdf5File\Debug\vc120.pdb”中寻找)；正在链接对象，如同没有调试信息一样
     1>libhdf5.lib(H5B2hdr.obj) : warning LNK4099: 未找到 PDB“vc120.pdb”(使用“libhdf5.lib(H5B2hdr.obj)”或在“C:\Users\Administrator\Documents\Visual Studio 2013\Projects\ReadHdf5File\Debug\vc120.pdb”中寻找)；正在链接对象，如同没有调试信息一样
     1>libhdf5.lib(H5B2int.obj) : warning LNK4099: 未找到 PDB“vc120.pdb”(使用“libhdf5.lib(H5B2int.obj)”或在“C:\Users\Administrator\Documents\Visual Studio 2013\Projects\ReadHdf5File\Debug\vc120.pdb”中寻找)；正在链接对象，如同没有调试信息一样
     1>libhdf5.lib(H5B2stat.obj) : warning LNK4099: 未找到 PDB“vc120.pdb”(使用“libhdf5.lib(H5B2stat.obj)”或在“C:\Users\Administrator\Documents\Visual Studio 2013\Projects\ReadHdf5File\Debug\vc120.pdb”中寻找)；正在链接对象，如同没有调试信息一样
     1>libhdf5.lib(H5B2test.obj) : warning LNK4099: 未找到 PDB“vc120.pdb”(使用“libhdf5.lib(H5B2test.obj)”或在“C:\Users\Administrator\Documents\Visual Studio 2013\Projects\ReadHdf5File\Debug\vc120.pdb”中寻找)；正在链接对象，如同没有调试信息一样
     1>libhdf5.lib(H5Bcache.obj) : warning LNK4099: 未找到 PDB“vc120.pdb”(使用“libhdf5.lib(H5Bcache.obj)”或在“C:\Users\Administrator\Documents\Visual Studio 2013\Projects\ReadHdf5File\Debug\vc120.pdb”中寻找)；正在链接对象，如同没有调试信息一样
     1>libhdf5.lib(H5Bdbg.obj) : warning LNK4099: 未找到 PDB“vc120.pdb”(使用“libhdf5.lib(H5Bdbg.obj)”或在“C:\Users\Administrator\Documents\Visual Studio 2013\Projects\ReadHdf5File\Debug\vc120.pdb”中寻找)；正在链接对象，如同没有调试信息一样
     1>libhdf5.lib(H5D.obj) : warning LNK4099: 未找到 PDB“vc120.pdb”(使用“libhdf5.lib(H5D.obj)”或在“C:\Users\Administrator\Documents\Visual Studio 2013\Projects\ReadHdf5File\Debug\vc120.pdb”中寻找)；正在链接对象，如同没有调试信息一样
     1>libhdf5.lib(H5Dcompact.obj) : warning LNK4099: 未找到 PDB“vc120.pdb”(使用“libhdf5.lib(H5Dcompact.obj)”或在“C:\Users\Administrator\Documents\Visual Studio 2013\Projects\ReadHdf5File\Debug\vc120.pdb”中寻找)；正在链接对象，如同没有调试信息一样
     1>libhdf5.lib(H5Dbtree.obj) : warning LNK4099: 未找到 PDB“vc120.pdb”(使用“libhdf5.lib(H5Dbtree.obj)”或在“C:\Users\Administrator\Documents\Visual Studio 2013\Projects\ReadHdf5File\Debug\vc120.pdb”中寻找)；正在链接对象，如同没有调试信息一样
     1>libhdf5.lib(H5Dchunk.obj) : warning LNK4099: 未找到 PDB“vc120.pdb”(使用“libhdf5.lib(H5Dchunk.obj)”或在“C:\Users\Administrator\Documents\Visual Studio 2013\Projects\ReadHdf5File\Debug\vc120.pdb”中寻找)；正在链接对象，如同没有调试信息一样
     1>libhdf5.lib(H5Dcontig.obj) : warning LNK4099: 未找到 PDB“vc120.pdb”(使用“libhdf5.lib(H5Dcontig.obj)”或在“C:\Users\Administrator\Documents\Visual Studio 2013\Projects\ReadHdf5File\Debug\vc120.pdb”中寻找)；正在链接对象，如同没有调试信息一样
     1>libhdf5.lib(H5Ddeprec.obj) : warning LNK4099: 未找到 PDB“vc120.pdb”(使用“libhdf5.lib(H5Ddeprec.obj)”或在“C:\Users\Administrator\Documents\Visual Studio 2013\Projects\ReadHdf5File\Debug\vc120.pdb”中寻找)；正在链接对象，如同没有调试信息一样
     1>libhdf5.lib(H5Defl.obj) : warning LNK4099: 未找到 PDB“vc120.pdb”(使用“libhdf5.lib(H5Defl.obj)”或在“C:\Users\Administrator\Documents\Visual Studio 2013\Projects\ReadHdf5File\Debug\vc120.pdb”中寻找)；正在链接对象，如同没有调试信息一样
     1>libhdf5.lib(H5Dfill.obj) : warning LNK4099: 未找到 PDB“vc120.pdb”(使用“libhdf5.lib(H5Dfill.obj)”或在“C:\Users\Administrator\Documents\Visual Studio 2013\Projects\ReadHdf5File\Debug\vc120.pdb”中寻找)；正在链接对象，如同没有调试信息一样
     1>libhdf5.lib(H5Dint.obj) : warning LNK4099: 未找到 PDB“vc120.pdb”(使用“libhdf5.lib(H5Dint.obj)”或在“C:\Users\Administrator\Documents\Visual Studio 2013\Projects\ReadHdf5File\Debug\vc120.pdb”中寻找)；正在链接对象，如同没有调试信息一样
     1>libhdf5.lib(H5Dio.obj) : warning LNK4099: 未找到 PDB“vc120.pdb”(使用“libhdf5.lib(H5Dio.obj)”或在“C:\Users\Administrator\Documents\Visual Studio 2013\Projects\ReadHdf5File\Debug\vc120.pdb”中寻找)；正在链接对象，如同没有调试信息一样
     1>libhdf5.lib(H5Dlayout.obj) : warning LNK4099: 未找到 PDB“vc120.pdb”(使用“libhdf5.lib(H5Dlayout.obj)”或在“C:\Users\Administrator\Documents\Visual Studio 2013\Projects\ReadHdf5File\Debug\vc120.pdb”中寻找)；正在链接对象，如同没有调试信息一样
     1>libhdf5.lib(H5Doh.obj) : warning LNK4099: 未找到 PDB“vc120.pdb”(使用“libhdf5.lib(H5Doh.obj)”或在“C:\Users\Administrator\Documents\Visual Studio 2013\Projects\ReadHdf5File\Debug\vc120.pdb”中寻找)；正在链接对象，如同没有调试信息一样
     1>libhdf5.lib(H5Dscatgath.obj) : warning LNK4099: 未找到 PDB“vc120.pdb”(使用“libhdf5.lib(H5Dscatgath.obj)”或在“C:\Users\Administrator\Documents\Visual Studio 2013\Projects\ReadHdf5File\Debug\vc120.pdb”中寻找)；正在链接对象，如同没有调试信息一样
     1>libhdf5.lib(H5Dselect.obj) : warning LNK4099: 未找到 PDB“vc120.pdb”(使用“libhdf5.lib(H5Dselect.obj)”或在“C:\Users\Administrator\Documents\Visual Studio 2013\Projects\ReadHdf5File\Debug\vc120.pdb”中寻找)；正在链接对象，如同没有调试信息一样
     1>libhdf5.lib(H5E.obj) : warning LNK4099: 未找到 PDB“vc120.pdb”(使用“libhdf5.lib(H5E.obj)”或在“C:\Users\Administrator\Documents\Visual Studio 2013\Projects\ReadHdf5File\Debug\vc120.pdb”中寻找)；正在链接对象，如同没有调试信息一样
     1>libhdf5.lib(H5Edeprec.obj) : warning LNK4099: 未找到 PDB“vc120.pdb”(使用“libhdf5.lib(H5Edeprec.obj)”或在“C:\Users\Administrator\Documents\Visual Studio 2013\Projects\ReadHdf5File\Debug\vc120.pdb”中寻找)；正在链接对象，如同没有调试信息一样
     1>libhdf5.lib(H5Eint.obj) : warning LNK4099: 未找到 PDB“vc120.pdb”(使用“libhdf5.lib(H5Eint.obj)”或在“C:\Users\Administrator\Documents\Visual Studio 2013\Projects\ReadHdf5File\Debug\vc120.pdb”中寻找)；正在链接对象，如同没有调试信息一样
     1>libhdf5.lib(H5F.obj) : warning LNK4099: 未找到 PDB“vc120.pdb”(使用“libhdf5.lib(H5F.obj)”或在“C:\Users\Administrator\Documents\Visual Studio 2013\Projects\ReadHdf5File\Debug\vc120.pdb”中寻找)；正在链接对象，如同没有调试信息一样
     1>libhdf5.lib(H5Fint.obj) : warning LNK4099: 未找到 PDB“vc120.pdb”(使用“libhdf5.lib(H5Fint.obj)”或在“C:\Users\Administrator\Documents\Visual Studio 2013\Projects\ReadHdf5File\Debug\vc120.pdb”中寻找)；正在链接对象，如同没有调试信息一样
     1>libhdf5.lib(H5Faccum.obj) : warning LNK4099: 未找到 PDB“vc120.pdb”(使用“libhdf5.lib(H5Faccum.obj)”或在“C:\Users\Administrator\Documents\Visual Studio 2013\Projects\ReadHdf5File\Debug\vc120.pdb”中寻找)；正在链接对象，如同没有调试信息一样
     1>libhdf5.lib(H5Fcwfs.obj) : warning LNK4099: 未找到 PDB“vc120.pdb”(使用“libhdf5.lib(H5Fcwfs.obj)”或在“C:\Users\Administrator\Documents\Visual Studio 2013\Projects\ReadHdf5File\Debug\vc120.pdb”中寻找)；正在链接对象，如同没有调试信息一样
     1>libhdf5.lib(H5Fefc.obj) : warning LNK4099: 未找到 PDB“vc120.pdb”(使用“libhdf5.lib(H5Fefc.obj)”或在“C:\Users\Administrator\Documents\Visual Studio 2013\Projects\ReadHdf5File\Debug\vc120.pdb”中寻找)；正在链接对象，如同没有调试信息一样
     1>libhdf5.lib(H5Ffake.obj) : warning LNK4099: 未找到 PDB“vc120.pdb”(使用“libhdf5.lib(H5Ffake.obj)”或在“C:\Users\Administrator\Documents\Visual Studio 2013\Projects\ReadHdf5File\Debug\vc120.pdb”中寻找)；正在链接对象，如同没有调试信息一样
     1>libhdf5.lib(H5Fio.obj) : warning LNK4099: 未找到 PDB“vc120.pdb”(使用“libhdf5.lib(H5Fio.obj)”或在“C:\Users\Administrator\Documents\Visual Studio 2013\Projects\ReadHdf5File\Debug\vc120.pdb”中寻找)；正在链接对象，如同没有调试信息一样
     1>libhdf5.lib(H5Fmount.obj) : warning LNK4099: 未找到 PDB“vc120.pdb”(使用“libhdf5.lib(H5Fmount.obj)”或在“C:\Users\Administrator\Documents\Visual Studio 2013\Projects\ReadHdf5File\Debug\vc120.pdb”中寻找)；正在链接对象，如同没有调试信息一样
     1>libhdf5.lib(H5Fquery.obj) : warning LNK4099: 未找到 PDB“vc120.pdb”(使用“libhdf5.lib(H5Fquery.obj)”或在“C:\Users\Administrator\Documents\Visual Studio 2013\Projects\ReadHdf5File\Debug\vc120.pdb”中寻找)；正在链接对象，如同没有调试信息一样
     1>libhdf5.lib(H5Fsfile.obj) : warning LNK4099: 未找到 PDB“vc120.pdb”(使用“libhdf5.lib(H5Fsfile.obj)”或在“C:\Users\Administrator\Documents\Visual Studio 2013\Projects\ReadHdf5File\Debug\vc120.pdb”中寻找)；正在链接对象，如同没有调试信息一样
     1>libhdf5.lib(H5Fsuper.obj) : warning LNK4099: 未找到 PDB“vc120.pdb”(使用“libhdf5.lib(H5Fsuper.obj)”或在“C:\Users\Administrator\Documents\Visual Studio 2013\Projects\ReadHdf5File\Debug\vc120.pdb”中寻找)；正在链接对象，如同没有调试信息一样
     1>libhdf5.lib(H5Fsuper_cache.obj) : warning LNK4099: 未找到 PDB“vc120.pdb”(使用“libhdf5.lib(H5Fsuper_cache.obj)”或在“C:\Users\Administrator\Documents\Visual Studio 2013\Projects\ReadHdf5File\Debug\vc120.pdb”中寻找)；正在链接对象，如同没有调试信息一样
     1>libhdf5.lib(H5FD.obj) : warning LNK4099: 未找到 PDB“vc120.pdb”(使用“libhdf5.lib(H5FD.obj)”或在“C:\Users\Administrator\Documents\Visual Studio 2013\Projects\ReadHdf5File\Debug\vc120.pdb”中寻找)；正在链接对象，如同没有调试信息一样
     1>libhdf5.lib(H5FDcore.obj) : warning LNK4099: 未找到 PDB“vc120.pdb”(使用“libhdf5.lib(H5FDcore.obj)”或在“C:\Users\Administrator\Documents\Visual Studio 2013\Projects\ReadHdf5File\Debug\vc120.pdb”中寻找)；正在链接对象，如同没有调试信息一样
     1>libhdf5.lib(H5FDfamily.obj) : warning LNK4099: 未找到 PDB“vc120.pdb”(使用“libhdf5.lib(H5FDfamily.obj)”或在“C:\Users\Administrator\Documents\Visual Studio 2013\Projects\ReadHdf5File\Debug\vc120.pdb”中寻找)；正在链接对象，如同没有调试信息一样
     1>libhdf5.lib(H5FDint.obj) : warning LNK4099: 未找到 PDB“vc120.pdb”(使用“libhdf5.lib(H5FDint.obj)”或在“C:\Users\Administrator\Documents\Visual Studio 2013\Projects\ReadHdf5File\Debug\vc120.pdb”中寻找)；正在链接对象，如同没有调试信息一样
     1>libhdf5.lib(H5FDlog.obj) : warning LNK4099: 未找到 PDB“vc120.pdb”(使用“libhdf5.lib(H5FDlog.obj)”或在“C:\Users\Administrator\Documents\Visual Studio 2013\Projects\ReadHdf5File\Debug\vc120.pdb”中寻找)；正在链接对象，如同没有调试信息一样
     1>libhdf5.lib(H5FDmulti.obj) : warning LNK4099: 未找到 PDB“vc120.pdb”(使用“libhdf5.lib(H5FDmulti.obj)”或在“C:\Users\Administrator\Documents\Visual Studio 2013\Projects\ReadHdf5File\Debug\vc120.pdb”中寻找)；正在链接对象，如同没有调试信息一样
     1>libhdf5.lib(H5FDsec2.obj) : warning LNK4099: 未找到 PDB“vc120.pdb”(使用“libhdf5.lib(H5FDsec2.obj)”或在“C:\Users\Administrator\Documents\Visual Studio 2013\Projects\ReadHdf5File\Debug\vc120.pdb”中寻找)；正在链接对象，如同没有调试信息一样
     1>libhdf5.lib(H5FDspace.obj) : warning LNK4099: 未找到 PDB“vc120.pdb”(使用“libhdf5.lib(H5FDspace.obj)”或在“C:\Users\Administrator\Documents\Visual Studio 2013\Projects\ReadHdf5File\Debug\vc120.pdb”中寻找)；正在链接对象，如同没有调试信息一样
     1>libhdf5.lib(H5FDstdio.obj) : warning LNK4099: 未找到 PDB“vc120.pdb”(使用“libhdf5.lib(H5FDstdio.obj)”或在“C:\Users\Administrator\Documents\Visual Studio 2013\Projects\ReadHdf5File\Debug\vc120.pdb”中寻找)；正在链接对象，如同没有调试信息一样
     1>libhdf5.lib(H5FS.obj) : warning LNK4099: 未找到 PDB“vc120.pdb”(使用“libhdf5.lib(H5FS.obj)”或在“C:\Users\Administrator\Documents\Visual Studio 2013\Projects\ReadHdf5File\Debug\vc120.pdb”中寻找)；正在链接对象，如同没有调试信息一样
     1>libhdf5.lib(H5FScache.obj) : warning LNK4099: 未找到 PDB“vc120.pdb”(使用“libhdf5.lib(H5FScache.obj)”或在“C:\Users\Administrator\Documents\Visual Studio 2013\Projects\ReadHdf5File\Debug\vc120.pdb”中寻找)；正在链接对象，如同没有调试信息一样
     1>libhdf5.lib(H5FSsection.obj) : warning LNK4099: 未找到 PDB“vc120.pdb”(使用“libhdf5.lib(H5FSsection.obj)”或在“C:\Users\Administrator\Documents\Visual Studio 2013\Projects\ReadHdf5File\Debug\vc120.pdb”中寻找)；正在链接对象，如同没有调试信息一样
     1>libhdf5.lib(H5G.obj) : warning LNK4099: 未找到 PDB“vc120.pdb”(使用“libhdf5.lib(H5G.obj)”或在“C:\Users\Administrator\Documents\Visual Studio 2013\Projects\ReadHdf5File\Debug\vc120.pdb”中寻找)；正在链接对象，如同没有调试信息一样
     1>libhdf5.lib(H5Gbtree2.obj) : warning LNK4099: 未找到 PDB“vc120.pdb”(使用“libhdf5.lib(H5Gbtree2.obj)”或在“C:\Users\Administrator\Documents\Visual Studio 2013\Projects\ReadHdf5File\Debug\vc120.pdb”中寻找)；正在链接对象，如同没有调试信息一样
     1>libhdf5.lib(H5Gcache.obj) : warning LNK4099: 未找到 PDB“vc120.pdb”(使用“libhdf5.lib(H5Gcache.obj)”或在“C:\Users\Administrator\Documents\Visual Studio 2013\Projects\ReadHdf5File\Debug\vc120.pdb”中寻找)；正在链接对象，如同没有调试信息一样
     1>libhdf5.lib(H5Gcompact.obj) : warning LNK4099: 未找到 PDB“vc120.pdb”(使用“libhdf5.lib(H5Gcompact.obj)”或在“C:\Users\Administrator\Documents\Visual Studio 2013\Projects\ReadHdf5File\Debug\vc120.pdb”中寻找)；正在链接对象，如同没有调试信息一样
     1>libhdf5.lib(H5Gdense.obj) : warning LNK4099: 未找到 PDB“vc120.pdb”(使用“libhdf5.lib(H5Gdense.obj)”或在“C:\Users\Administrator\Documents\Visual Studio 2013\Projects\ReadHdf5File\Debug\vc120.pdb”中寻找)；正在链接对象，如同没有调试信息一样
     1>libhdf5.lib(H5Gdeprec.obj) : warning LNK4099: 未找到 PDB“vc120.pdb”(使用“libhdf5.lib(H5Gdeprec.obj)”或在“C:\Users\Administrator\Documents\Visual Studio 2013\Projects\ReadHdf5File\Debug\vc120.pdb”中寻找)；正在链接对象，如同没有调试信息一样
     1>libhdf5.lib(H5Gent.obj) : warning LNK4099: 未找到 PDB“vc120.pdb”(使用“libhdf5.lib(H5Gent.obj)”或在“C:\Users\Administrator\Documents\Visual Studio 2013\Projects\ReadHdf5File\Debug\vc120.pdb”中寻找)；正在链接对象，如同没有调试信息一样
     1>libhdf5.lib(H5Gint.obj) : warning LNK4099: 未找到 PDB“vc120.pdb”(使用“libhdf5.lib(H5Gint.obj)”或在“C:\Users\Administrator\Documents\Visual Studio 2013\Projects\ReadHdf5File\Debug\vc120.pdb”中寻找)；正在链接对象，如同没有调试信息一样
     1>libhdf5.lib(H5Glink.obj) : warning LNK4099: 未找到 PDB“vc120.pdb”(使用“libhdf5.lib(H5Glink.obj)”或在“C:\Users\Administrator\Documents\Visual Studio 2013\Projects\ReadHdf5File\Debug\vc120.pdb”中寻找)；正在链接对象，如同没有调试信息一样
     1>libhdf5.lib(H5Gloc.obj) : warning LNK4099: 未找到 PDB“vc120.pdb”(使用“libhdf5.lib(H5Gloc.obj)”或在“C:\Users\Administrator\Documents\Visual Studio 2013\Projects\ReadHdf5File\Debug\vc120.pdb”中寻找)；正在链接对象，如同没有调试信息一样
     1>libhdf5.lib(H5Gname.obj) : warning LNK4099: 未找到 PDB“vc120.pdb”(使用“libhdf5.lib(H5Gname.obj)”或在“C:\Users\Administrator\Documents\Visual Studio 2013\Projects\ReadHdf5File\Debug\vc120.pdb”中寻找)；正在链接对象，如同没有调试信息一样
     1>libhdf5.lib(H5Gnode.obj) : warning LNK4099: 未找到 PDB“vc120.pdb”(使用“libhdf5.lib(H5Gnode.obj)”或在“C:\Users\Administrator\Documents\Visual Studio 2013\Projects\ReadHdf5File\Debug\vc120.pdb”中寻找)；正在链接对象，如同没有调试信息一样
     1>libhdf5.lib(H5Gobj.obj) : warning LNK4099: 未找到 PDB“vc120.pdb”(使用“libhdf5.lib(H5Gobj.obj)”或在“C:\Users\Administrator\Documents\Visual Studio 2013\Projects\ReadHdf5File\Debug\vc120.pdb”中寻找)；正在链接对象，如同没有调试信息一样
     1>libhdf5.lib(H5Goh.obj) : warning LNK4099: 未找到 PDB“vc120.pdb”(使用“libhdf5.lib(H5Goh.obj)”或在“C:\Users\Administrator\Documents\Visual Studio 2013\Projects\ReadHdf5File\Debug\vc120.pdb”中寻找)；正在链接对象，如同没有调试信息一样
     1>libhdf5.lib(H5Groot.obj) : warning LNK4099: 未找到 PDB“vc120.pdb”(使用“libhdf5.lib(H5Groot.obj)”或在“C:\Users\Administrator\Documents\Visual Studio 2013\Projects\ReadHdf5File\Debug\vc120.pdb”中寻找)；正在链接对象，如同没有调试信息一样
     1>libhdf5.lib(H5Gstab.obj) : warning LNK4099: 未找到 PDB“vc120.pdb”(使用“libhdf5.lib(H5Gstab.obj)”或在“C:\Users\Administrator\Documents\Visual Studio 2013\Projects\ReadHdf5File\Debug\vc120.pdb”中寻找)；正在链接对象，如同没有调试信息一样
     1>libhdf5.lib(H5Gtraverse.obj) : warning LNK4099: 未找到 PDB“vc120.pdb”(使用“libhdf5.lib(H5Gtraverse.obj)”或在“C:\Users\Administrator\Documents\Visual Studio 2013\Projects\ReadHdf5File\Debug\vc120.pdb”中寻找)；正在链接对象，如同没有调试信息一样
     1>libhdf5.lib(H5HF.obj) : warning LNK4099: 未找到 PDB“vc120.pdb”(使用“libhdf5.lib(H5HF.obj)”或在“C:\Users\Administrator\Documents\Visual Studio 2013\Projects\ReadHdf5File\Debug\vc120.pdb”中寻找)；正在链接对象，如同没有调试信息一样
     1>libhdf5.lib(H5HFbtree2.obj) : warning LNK4099: 未找到 PDB“vc120.pdb”(使用“libhdf5.lib(H5HFbtree2.obj)”或在“C:\Users\Administrator\Documents\Visual Studio 2013\Projects\ReadHdf5File\Debug\vc120.pdb”中寻找)；正在链接对象，如同没有调试信息一样
     1>libhdf5.lib(H5HFcache.obj) : warning LNK4099: 未找到 PDB“vc120.pdb”(使用“libhdf5.lib(H5HFcache.obj)”或在“C:\Users\Administrator\Documents\Visual Studio 2013\Projects\ReadHdf5File\Debug\vc120.pdb”中寻找)；正在链接对象，如同没有调试信息一样
     1>libhdf5.lib(H5HFdblock.obj) : warning LNK4099: 未找到 PDB“vc120.pdb”(使用“libhdf5.lib(H5HFdblock.obj)”或在“C:\Users\Administrator\Documents\Visual Studio 2013\Projects\ReadHdf5File\Debug\vc120.pdb”中寻找)；正在链接对象，如同没有调试信息一样
     1>libhdf5.lib(H5HFdtable.obj) : warning LNK4099: 未找到 PDB“vc120.pdb”(使用“libhdf5.lib(H5HFdtable.obj)”或在“C:\Users\Administrator\Documents\Visual Studio 2013\Projects\ReadHdf5File\Debug\vc120.pdb”中寻找)；正在链接对象，如同没有调试信息一样
     1>libhdf5.lib(H5HFhdr.obj) : warning LNK4099: 未找到 PDB“vc120.pdb”(使用“libhdf5.lib(H5HFhdr.obj)”或在“C:\Users\Administrator\Documents\Visual Studio 2013\Projects\ReadHdf5File\Debug\vc120.pdb”中寻找)；正在链接对象，如同没有调试信息一样
     1>libhdf5.lib(H5HFhuge.obj) : warning LNK4099: 未找到 PDB“vc120.pdb”(使用“libhdf5.lib(H5HFhuge.obj)”或在“C:\Users\Administrator\Documents\Visual Studio 2013\Projects\ReadHdf5File\Debug\vc120.pdb”中寻找)；正在链接对象，如同没有调试信息一样
     1>libhdf5.lib(H5HFiblock.obj) : warning LNK4099: 未找到 PDB“vc120.pdb”(使用“libhdf5.lib(H5HFiblock.obj)”或在“C:\Users\Administrator\Documents\Visual Studio 2013\Projects\ReadHdf5File\Debug\vc120.pdb”中寻找)；正在链接对象，如同没有调试信息一样
     1>libhdf5.lib(H5HFiter.obj) : warning LNK4099: 未找到 PDB“vc120.pdb”(使用“libhdf5.lib(H5HFiter.obj)”或在“C:\Users\Administrator\Documents\Visual Studio 2013\Projects\ReadHdf5File\Debug\vc120.pdb”中寻找)；正在链接对象，如同没有调试信息一样
     1>libhdf5.lib(H5HFman.obj) : warning LNK4099: 未找到 PDB“vc120.pdb”(使用“libhdf5.lib(H5HFman.obj)”或在“C:\Users\Administrator\Documents\Visual Studio 2013\Projects\ReadHdf5File\Debug\vc120.pdb”中寻找)；正在链接对象，如同没有调试信息一样
     1>libhdf5.lib(H5HFsection.obj) : warning LNK4099: 未找到 PDB“vc120.pdb”(使用“libhdf5.lib(H5HFsection.obj)”或在“C:\Users\Administrator\Documents\Visual Studio 2013\Projects\ReadHdf5File\Debug\vc120.pdb”中寻找)；正在链接对象，如同没有调试信息一样
     1>libhdf5.lib(H5HFspace.obj) : warning LNK4099: 未找到 PDB“vc120.pdb”(使用“libhdf5.lib(H5HFspace.obj)”或在“C:\Users\Administrator\Documents\Visual Studio 2013\Projects\ReadHdf5File\Debug\vc120.pdb”中寻找)；正在链接对象，如同没有调试信息一样
     1>libhdf5.lib(H5HFstat.obj) : warning LNK4099: 未找到 PDB“vc120.pdb”(使用“libhdf5.lib(H5HFstat.obj)”或在“C:\Users\Administrator\Documents\Visual Studio 2013\Projects\ReadHdf5File\Debug\vc120.pdb”中寻找)；正在链接对象，如同没有调试信息一样
     1>libhdf5.lib(H5HFtiny.obj) : warning LNK4099: 未找到 PDB“vc120.pdb”(使用“libhdf5.lib(H5HFtiny.obj)”或在“C:\Users\Administrator\Documents\Visual Studio 2013\Projects\ReadHdf5File\Debug\vc120.pdb”中寻找)；正在链接对象，如同没有调试信息一样
     1>libhdf5.lib(H5HG.obj) : warning LNK4099: 未找到 PDB“vc120.pdb”(使用“libhdf5.lib(H5HG.obj)”或在“C:\Users\Administrator\Documents\Visual Studio 2013\Projects\ReadHdf5File\Debug\vc120.pdb”中寻找)；正在链接对象，如同没有调试信息一样
     1>libhdf5.lib(H5HGcache.obj) : warning LNK4099: 未找到 PDB“vc120.pdb”(使用“libhdf5.lib(H5HGcache.obj)”或在“C:\Users\Administrator\Documents\Visual Studio 2013\Projects\ReadHdf5File\Debug\vc120.pdb”中寻找)；正在链接对象，如同没有调试信息一样
     1>libhdf5.lib(H5HGquery.obj) : warning LNK4099: 未找到 PDB“vc120.pdb”(使用“libhdf5.lib(H5HGquery.obj)”或在“C:\Users\Administrator\Documents\Visual Studio 2013\Projects\ReadHdf5File\Debug\vc120.pdb”中寻找)；正在链接对象，如同没有调试信息一样
     1>libhdf5.lib(H5HL.obj) : warning LNK4099: 未找到 PDB“vc120.pdb”(使用“libhdf5.lib(H5HL.obj)”或在“C:\Users\Administrator\Documents\Visual Studio 2013\Projects\ReadHdf5File\Debug\vc120.pdb”中寻找)；正在链接对象，如同没有调试信息一样
     1>libhdf5.lib(H5HLcache.obj) : warning LNK4099: 未找到 PDB“vc120.pdb”(使用“libhdf5.lib(H5HLcache.obj)”或在“C:\Users\Administrator\Documents\Visual Studio 2013\Projects\ReadHdf5File\Debug\vc120.pdb”中寻找)；正在链接对象，如同没有调试信息一样
     1>libhdf5.lib(H5HLint.obj) : warning LNK4099: 未找到 PDB“vc120.pdb”(使用“libhdf5.lib(H5HLint.obj)”或在“C:\Users\Administrator\Documents\Visual Studio 2013\Projects\ReadHdf5File\Debug\vc120.pdb”中寻找)；正在链接对象，如同没有调试信息一样
     1>libhdf5.lib(H5MF.obj) : warning LNK4099: 未找到 PDB“vc120.pdb”(使用“libhdf5.lib(H5MF.obj)”或在“C:\Users\Administrator\Documents\Visual Studio 2013\Projects\ReadHdf5File\Debug\vc120.pdb”中寻找)；正在链接对象，如同没有调试信息一样
     1>libhdf5.lib(H5MFaggr.obj) : warning LNK4099: 未找到 PDB“vc120.pdb”(使用“libhdf5.lib(H5MFaggr.obj)”或在“C:\Users\Administrator\Documents\Visual Studio 2013\Projects\ReadHdf5File\Debug\vc120.pdb”中寻找)；正在链接对象，如同没有调试信息一样
     1>libhdf5.lib(H5MFsection.obj) : warning LNK4099: 未找到 PDB“vc120.pdb”(使用“libhdf5.lib(H5MFsection.obj)”或在“C:\Users\Administrator\Documents\Visual Studio 2013\Projects\ReadHdf5File\Debug\vc120.pdb”中寻找)；正在链接对象，如同没有调试信息一样
     1>libhdf5.lib(H5O.obj) : warning LNK4099: 未找到 PDB“vc120.pdb”(使用“libhdf5.lib(H5O.obj)”或在“C:\Users\Administrator\Documents\Visual Studio 2013\Projects\ReadHdf5File\Debug\vc120.pdb”中寻找)；正在链接对象，如同没有调试信息一样
     1>libhdf5.lib(H5Oainfo.obj) : warning LNK4099: 未找到 PDB“vc120.pdb”(使用“libhdf5.lib(H5Oainfo.obj)”或在“C:\Users\Administrator\Documents\Visual Studio 2013\Projects\ReadHdf5File\Debug\vc120.pdb”中寻找)；正在链接对象，如同没有调试信息一样
     1>libhdf5.lib(H5Oalloc.obj) : warning LNK4099: 未找到 PDB“vc120.pdb”(使用“libhdf5.lib(H5Oalloc.obj)”或在“C:\Users\Administrator\Documents\Visual Studio 2013\Projects\ReadHdf5File\Debug\vc120.pdb”中寻找)；正在链接对象，如同没有调试信息一样
     1>libhdf5.lib(H5Oattr.obj) : warning LNK4099: 未找到 PDB“vc120.pdb”(使用“libhdf5.lib(H5Oattr.obj)”或在“C:\Users\Administrator\Documents\Visual Studio 2013\Projects\ReadHdf5File\Debug\vc120.pdb”中寻找)；正在链接对象，如同没有调试信息一样
     1>libhdf5.lib(H5Oattribute.obj) : warning LNK4099: 未找到 PDB“vc120.pdb”(使用“libhdf5.lib(H5Oattribute.obj)”或在“C:\Users\Administrator\Documents\Visual Studio 2013\Projects\ReadHdf5File\Debug\vc120.pdb”中寻找)；正在链接对象，如同没有调试信息一样
     1>libhdf5.lib(H5Obtreek.obj) : warning LNK4099: 未找到 PDB“vc120.pdb”(使用“libhdf5.lib(H5Obtreek.obj)”或在“C:\Users\Administrator\Documents\Visual Studio 2013\Projects\ReadHdf5File\Debug\vc120.pdb”中寻找)；正在链接对象，如同没有调试信息一样
     1>libhdf5.lib(H5Ocache.obj) : warning LNK4099: 未找到 PDB“vc120.pdb”(使用“libhdf5.lib(H5Ocache.obj)”或在“C:\Users\Administrator\Documents\Visual Studio 2013\Projects\ReadHdf5File\Debug\vc120.pdb”中寻找)；正在链接对象，如同没有调试信息一样
     1>libhdf5.lib(H5Ochunk.obj) : warning LNK4099: 未找到 PDB“vc120.pdb”(使用“libhdf5.lib(H5Ochunk.obj)”或在“C:\Users\Administrator\Documents\Visual Studio 2013\Projects\ReadHdf5File\Debug\vc120.pdb”中寻找)；正在链接对象，如同没有调试信息一样
     1>libhdf5.lib(H5Ocont.obj) : warning LNK4099: 未找到 PDB“vc120.pdb”(使用“libhdf5.lib(H5Ocont.obj)”或在“C:\Users\Administrator\Documents\Visual Studio 2013\Projects\ReadHdf5File\Debug\vc120.pdb”中寻找)；正在链接对象，如同没有调试信息一样
     1>libhdf5.lib(H5Ocopy.obj) : warning LNK4099: 未找到 PDB“vc120.pdb”(使用“libhdf5.lib(H5Ocopy.obj)”或在“C:\Users\Administrator\Documents\Visual Studio 2013\Projects\ReadHdf5File\Debug\vc120.pdb”中寻找)；正在链接对象，如同没有调试信息一样
     1>libhdf5.lib(H5Odbg.obj) : warning LNK4099: 未找到 PDB“vc120.pdb”(使用“libhdf5.lib(H5Odbg.obj)”或在“C:\Users\Administrator\Documents\Visual Studio 2013\Projects\ReadHdf5File\Debug\vc120.pdb”中寻找)；正在链接对象，如同没有调试信息一样
     1>libhdf5.lib(H5Odrvinfo.obj) : warning LNK4099: 未找到 PDB“vc120.pdb”(使用“libhdf5.lib(H5Odrvinfo.obj)”或在“C:\Users\Administrator\Documents\Visual Studio 2013\Projects\ReadHdf5File\Debug\vc120.pdb”中寻找)；正在链接对象，如同没有调试信息一样
     1>libhdf5.lib(H5Odtype.obj) : warning LNK4099: 未找到 PDB“vc120.pdb”(使用“libhdf5.lib(H5Odtype.obj)”或在“C:\Users\Administrator\Documents\Visual Studio 2013\Projects\ReadHdf5File\Debug\vc120.pdb”中寻找)；正在链接对象，如同没有调试信息一样
     1>libhdf5.lib(H5Oefl.obj) : warning LNK4099: 未找到 PDB“vc120.pdb”(使用“libhdf5.lib(H5Oefl.obj)”或在“C:\Users\Administrator\Documents\Visual Studio 2013\Projects\ReadHdf5File\Debug\vc120.pdb”中寻找)；正在链接对象，如同没有调试信息一样
     1>libhdf5.lib(H5Ofill.obj) : warning LNK4099: 未找到 PDB“vc120.pdb”(使用“libhdf5.lib(H5Ofill.obj)”或在“C:\Users\Administrator\Documents\Visual Studio 2013\Projects\ReadHdf5File\Debug\vc120.pdb”中寻找)；正在链接对象，如同没有调试信息一样
     1>libhdf5.lib(H5Oginfo.obj) : warning LNK4099: 未找到 PDB“vc120.pdb”(使用“libhdf5.lib(H5Oginfo.obj)”或在“C:\Users\Administrator\Documents\Visual Studio 2013\Projects\ReadHdf5File\Debug\vc120.pdb”中寻找)；正在链接对象，如同没有调试信息一样
     1>libhdf5.lib(H5Olayout.obj) : warning LNK4099: 未找到 PDB“vc120.pdb”(使用“libhdf5.lib(H5Olayout.obj)”或在“C:\Users\Administrator\Documents\Visual Studio 2013\Projects\ReadHdf5File\Debug\vc120.pdb”中寻找)；正在链接对象，如同没有调试信息一样
     1>libhdf5.lib(H5Olinfo.obj) : warning LNK4099: 未找到 PDB“vc120.pdb”(使用“libhdf5.lib(H5Olinfo.obj)”或在“C:\Users\Administrator\Documents\Visual Studio 2013\Projects\ReadHdf5File\Debug\vc120.pdb”中寻找)；正在链接对象，如同没有调试信息一样
     1>libhdf5.lib(H5Olink.obj) : warning LNK4099: 未找到 PDB“vc120.pdb”(使用“libhdf5.lib(H5Olink.obj)”或在“C:\Users\Administrator\Documents\Visual Studio 2013\Projects\ReadHdf5File\Debug\vc120.pdb”中寻找)；正在链接对象，如同没有调试信息一样
     1>libhdf5.lib(H5Omessage.obj) : warning LNK4099: 未找到 PDB“vc120.pdb”(使用“libhdf5.lib(H5Omessage.obj)”或在“C:\Users\Administrator\Documents\Visual Studio 2013\Projects\ReadHdf5File\Debug\vc120.pdb”中寻找)；正在链接对象，如同没有调试信息一样
     1>libhdf5.lib(H5Omtime.obj) : warning LNK4099: 未找到 PDB“vc120.pdb”(使用“libhdf5.lib(H5Omtime.obj)”或在“C:\Users\Administrator\Documents\Visual Studio 2013\Projects\ReadHdf5File\Debug\vc120.pdb”中寻找)；正在链接对象，如同没有调试信息一样
     1>libhdf5.lib(H5Oname.obj) : warning LNK4099: 未找到 PDB“vc120.pdb”(使用“libhdf5.lib(H5Oname.obj)”或在“C:\Users\Administrator\Documents\Visual Studio 2013\Projects\ReadHdf5File\Debug\vc120.pdb”中寻找)；正在链接对象，如同没有调试信息一样
     1>libhdf5.lib(H5Onull.obj) : warning LNK4099: 未找到 PDB“vc120.pdb”(使用“libhdf5.lib(H5Onull.obj)”或在“C:\Users\Administrator\Documents\Visual Studio 2013\Projects\ReadHdf5File\Debug\vc120.pdb”中寻找)；正在链接对象，如同没有调试信息一样
     1>libhdf5.lib(H5Opline.obj) : warning LNK4099: 未找到 PDB“vc120.pdb”(使用“libhdf5.lib(H5Opline.obj)”或在“C:\Users\Administrator\Documents\Visual Studio 2013\Projects\ReadHdf5File\Debug\vc120.pdb”中寻找)；正在链接对象，如同没有调试信息一样
     1>libhdf5.lib(H5Orefcount.obj) : warning LNK4099: 未找到 PDB“vc120.pdb”(使用“libhdf5.lib(H5Orefcount.obj)”或在“C:\Users\Administrator\Documents\Visual Studio 2013\Projects\ReadHdf5File\Debug\vc120.pdb”中寻找)；正在链接对象，如同没有调试信息一样
     1>libhdf5.lib(H5Osdspace.obj) : warning LNK4099: 未找到 PDB“vc120.pdb”(使用“libhdf5.lib(H5Osdspace.obj)”或在“C:\Users\Administrator\Documents\Visual Studio 2013\Projects\ReadHdf5File\Debug\vc120.pdb”中寻找)；正在链接对象，如同没有调试信息一样
     1>libhdf5.lib(H5Oshared.obj) : warning LNK4099: 未找到 PDB“vc120.pdb”(使用“libhdf5.lib(H5Oshared.obj)”或在“C:\Users\Administrator\Documents\Visual Studio 2013\Projects\ReadHdf5File\Debug\vc120.pdb”中寻找)；正在链接对象，如同没有调试信息一样
     1>libhdf5.lib(H5Oshmesg.obj) : warning LNK4099: 未找到 PDB“vc120.pdb”(使用“libhdf5.lib(H5Oshmesg.obj)”或在“C:\Users\Administrator\Documents\Visual Studio 2013\Projects\ReadHdf5File\Debug\vc120.pdb”中寻找)；正在链接对象，如同没有调试信息一样
     1>libhdf5.lib(H5Ostab.obj) : warning LNK4099: 未找到 PDB“vc120.pdb”(使用“libhdf5.lib(H5Ostab.obj)”或在“C:\Users\Administrator\Documents\Visual Studio 2013\Projects\ReadHdf5File\Debug\vc120.pdb”中寻找)；正在链接对象，如同没有调试信息一样
     1>libhdf5.lib(H5Ounknown.obj) : warning LNK4099: 未找到 PDB“vc120.pdb”(使用“libhdf5.lib(H5Ounknown.obj)”或在“C:\Users\Administrator\Documents\Visual Studio 2013\Projects\ReadHdf5File\Debug\vc120.pdb”中寻找)；正在链接对象，如同没有调试信息一样
     1>libhdf5.lib(H5P.obj) : warning LNK4099: 未找到 PDB“vc120.pdb”(使用“libhdf5.lib(H5P.obj)”或在“C:\Users\Administrator\Documents\Visual Studio 2013\Projects\ReadHdf5File\Debug\vc120.pdb”中寻找)；正在链接对象，如同没有调试信息一样
     1>libhdf5.lib(H5Pacpl.obj) : warning LNK4099: 未找到 PDB“vc120.pdb”(使用“libhdf5.lib(H5Pacpl.obj)”或在“C:\Users\Administrator\Documents\Visual Studio 2013\Projects\ReadHdf5File\Debug\vc120.pdb”中寻找)；正在链接对象，如同没有调试信息一样
     1>libhdf5.lib(H5Pdapl.obj) : warning LNK4099: 未找到 PDB“vc120.pdb”(使用“libhdf5.lib(H5Pdapl.obj)”或在“C:\Users\Administrator\Documents\Visual Studio 2013\Projects\ReadHdf5File\Debug\vc120.pdb”中寻找)；正在链接对象，如同没有调试信息一样
     1>libhdf5.lib(H5Pdcpl.obj) : warning LNK4099: 未找到 PDB“vc120.pdb”(使用“libhdf5.lib(H5Pdcpl.obj)”或在“C:\Users\Administrator\Documents\Visual Studio 2013\Projects\ReadHdf5File\Debug\vc120.pdb”中寻找)；正在链接对象，如同没有调试信息一样
     1>libhdf5.lib(H5Pdeprec.obj) : warning LNK4099: 未找到 PDB“vc120.pdb”(使用“libhdf5.lib(H5Pdeprec.obj)”或在“C:\Users\Administrator\Documents\Visual Studio 2013\Projects\ReadHdf5File\Debug\vc120.pdb”中寻找)；正在链接对象，如同没有调试信息一样
     1>libhdf5.lib(H5Pdxpl.obj) : warning LNK4099: 未找到 PDB“vc120.pdb”(使用“libhdf5.lib(H5Pdxpl.obj)”或在“C:\Users\Administrator\Documents\Visual Studio 2013\Projects\ReadHdf5File\Debug\vc120.pdb”中寻找)；正在链接对象，如同没有调试信息一样
     1>libhdf5.lib(H5Pfapl.obj) : warning LNK4099: 未找到 PDB“vc120.pdb”(使用“libhdf5.lib(H5Pfapl.obj)”或在“C:\Users\Administrator\Documents\Visual Studio 2013\Projects\ReadHdf5File\Debug\vc120.pdb”中寻找)；正在链接对象，如同没有调试信息一样
     1>libhdf5.lib(H5Pfcpl.obj) : warning LNK4099: 未找到 PDB“vc120.pdb”(使用“libhdf5.lib(H5Pfcpl.obj)”或在“C:\Users\Administrator\Documents\Visual Studio 2013\Projects\ReadHdf5File\Debug\vc120.pdb”中寻找)；正在链接对象，如同没有调试信息一样
     1>libhdf5.lib(H5Pfmpl.obj) : warning LNK4099: 未找到 PDB“vc120.pdb”(使用“libhdf5.lib(H5Pfmpl.obj)”或在“C:\Users\Administrator\Documents\Visual Studio 2013\Projects\ReadHdf5File\Debug\vc120.pdb”中寻找)；正在链接对象，如同没有调试信息一样
     1>libhdf5.lib(H5Pgcpl.obj) : warning LNK4099: 未找到 PDB“vc120.pdb”(使用“libhdf5.lib(H5Pgcpl.obj)”或在“C:\Users\Administrator\Documents\Visual Studio 2013\Projects\ReadHdf5File\Debug\vc120.pdb”中寻找)；正在链接对象，如同没有调试信息一样
     1>libhdf5.lib(H5Pint.obj) : warning LNK4099: 未找到 PDB“vc120.pdb”(使用“libhdf5.lib(H5Pint.obj)”或在“C:\Users\Administrator\Documents\Visual Studio 2013\Projects\ReadHdf5File\Debug\vc120.pdb”中寻找)；正在链接对象，如同没有调试信息一样
     1>libhdf5.lib(H5Plapl.obj) : warning LNK4099: 未找到 PDB“vc120.pdb”(使用“libhdf5.lib(H5Plapl.obj)”或在“C:\Users\Administrator\Documents\Visual Studio 2013\Projects\ReadHdf5File\Debug\vc120.pdb”中寻找)；正在链接对象，如同没有调试信息一样
     1>libhdf5.lib(H5Plcpl.obj) : warning LNK4099: 未找到 PDB“vc120.pdb”(使用“libhdf5.lib(H5Plcpl.obj)”或在“C:\Users\Administrator\Documents\Visual Studio 2013\Projects\ReadHdf5File\Debug\vc120.pdb”中寻找)；正在链接对象，如同没有调试信息一样
     1>libhdf5.lib(H5Pocpl.obj) : warning LNK4099: 未找到 PDB“vc120.pdb”(使用“libhdf5.lib(H5Pocpl.obj)”或在“C:\Users\Administrator\Documents\Visual Studio 2013\Projects\ReadHdf5File\Debug\vc120.pdb”中寻找)；正在链接对象，如同没有调试信息一样
     1>libhdf5.lib(H5Pocpypl.obj) : warning LNK4099: 未找到 PDB“vc120.pdb”(使用“libhdf5.lib(H5Pocpypl.obj)”或在“C:\Users\Administrator\Documents\Visual Studio 2013\Projects\ReadHdf5File\Debug\vc120.pdb”中寻找)；正在链接对象，如同没有调试信息一样
     1>libhdf5.lib(H5Pstrcpl.obj) : warning LNK4099: 未找到 PDB“vc120.pdb”(使用“libhdf5.lib(H5Pstrcpl.obj)”或在“C:\Users\Administrator\Documents\Visual Studio 2013\Projects\ReadHdf5File\Debug\vc120.pdb”中寻找)；正在链接对象，如同没有调试信息一样
     1>libhdf5.lib(H5PL.obj) : warning LNK4099: 未找到 PDB“vc120.pdb”(使用“libhdf5.lib(H5PL.obj)”或在“C:\Users\Administrator\Documents\Visual Studio 2013\Projects\ReadHdf5File\Debug\vc120.pdb”中寻找)；正在链接对象，如同没有调试信息一样
     1>libhdf5.lib(H5R.obj) : warning LNK4099: 未找到 PDB“vc120.pdb”(使用“libhdf5.lib(H5R.obj)”或在“C:\Users\Administrator\Documents\Visual Studio 2013\Projects\ReadHdf5File\Debug\vc120.pdb”中寻找)；正在链接对象，如同没有调试信息一样
     1>libhdf5.lib(H5Rdeprec.obj) : warning LNK4099: 未找到 PDB“vc120.pdb”(使用“libhdf5.lib(H5Rdeprec.obj)”或在“C:\Users\Administrator\Documents\Visual Studio 2013\Projects\ReadHdf5File\Debug\vc120.pdb”中寻找)；正在链接对象，如同没有调试信息一样
     1>libhdf5.lib(H5RC.obj) : warning LNK4099: 未找到 PDB“vc120.pdb”(使用“libhdf5.lib(H5RC.obj)”或在“C:\Users\Administrator\Documents\Visual Studio 2013\Projects\ReadHdf5File\Debug\vc120.pdb”中寻找)；正在链接对象，如同没有调试信息一样
     1>libhdf5.lib(H5RS.obj) : warning LNK4099: 未找到 PDB“vc120.pdb”(使用“libhdf5.lib(H5RS.obj)”或在“C:\Users\Administrator\Documents\Visual Studio 2013\Projects\ReadHdf5File\Debug\vc120.pdb”中寻找)；正在链接对象，如同没有调试信息一样
     1>libhdf5.lib(H5S.obj) : warning LNK4099: 未找到 PDB“vc120.pdb”(使用“libhdf5.lib(H5S.obj)”或在“C:\Users\Administrator\Documents\Visual Studio 2013\Projects\ReadHdf5File\Debug\vc120.pdb”中寻找)；正在链接对象，如同没有调试信息一样
     1>libhdf5.lib(H5Sall.obj) : warning LNK4099: 未找到 PDB“vc120.pdb”(使用“libhdf5.lib(H5Sall.obj)”或在“C:\Users\Administrator\Documents\Visual Studio 2013\Projects\ReadHdf5File\Debug\vc120.pdb”中寻找)；正在链接对象，如同没有调试信息一样
     1>libhdf5.lib(H5Sdbg.obj) : warning LNK4099: 未找到 PDB“vc120.pdb”(使用“libhdf5.lib(H5Sdbg.obj)”或在“C:\Users\Administrator\Documents\Visual Studio 2013\Projects\ReadHdf5File\Debug\vc120.pdb”中寻找)；正在链接对象，如同没有调试信息一样
     1>libhdf5.lib(H5Shyper.obj) : warning LNK4099: 未找到 PDB“vc120.pdb”(使用“libhdf5.lib(H5Shyper.obj)”或在“C:\Users\Administrator\Documents\Visual Studio 2013\Projects\ReadHdf5File\Debug\vc120.pdb”中寻找)；正在链接对象，如同没有调试信息一样
     1>libhdf5.lib(H5Snone.obj) : warning LNK4099: 未找到 PDB“vc120.pdb”(使用“libhdf5.lib(H5Snone.obj)”或在“C:\Users\Administrator\Documents\Visual Studio 2013\Projects\ReadHdf5File\Debug\vc120.pdb”中寻找)；正在链接对象，如同没有调试信息一样
     1>libhdf5.lib(H5Spoint.obj) : warning LNK4099: 未找到 PDB“vc120.pdb”(使用“libhdf5.lib(H5Spoint.obj)”或在“C:\Users\Administrator\Documents\Visual Studio 2013\Projects\ReadHdf5File\Debug\vc120.pdb”中寻找)；正在链接对象，如同没有调试信息一样
     1>libhdf5.lib(H5Sselect.obj) : warning LNK4099: 未找到 PDB“vc120.pdb”(使用“libhdf5.lib(H5Sselect.obj)”或在“C:\Users\Administrator\Documents\Visual Studio 2013\Projects\ReadHdf5File\Debug\vc120.pdb”中寻找)；正在链接对象，如同没有调试信息一样
     1>libhdf5.lib(H5SM.obj) : warning LNK4099: 未找到 PDB“vc120.pdb”(使用“libhdf5.lib(H5SM.obj)”或在“C:\Users\Administrator\Documents\Visual Studio 2013\Projects\ReadHdf5File\Debug\vc120.pdb”中寻找)；正在链接对象，如同没有调试信息一样
     1>libhdf5.lib(H5SMbtree2.obj) : warning LNK4099: 未找到 PDB“vc120.pdb”(使用“libhdf5.lib(H5SMbtree2.obj)”或在“C:\Users\Administrator\Documents\Visual Studio 2013\Projects\ReadHdf5File\Debug\vc120.pdb”中寻找)；正在链接对象，如同没有调试信息一样
     1>libhdf5.lib(H5SMcache.obj) : warning LNK4099: 未找到 PDB“vc120.pdb”(使用“libhdf5.lib(H5SMcache.obj)”或在“C:\Users\Administrator\Documents\Visual Studio 2013\Projects\ReadHdf5File\Debug\vc120.pdb”中寻找)；正在链接对象，如同没有调试信息一样
     1>libhdf5.lib(H5SMmessage.obj) : warning LNK4099: 未找到 PDB“vc120.pdb”(使用“libhdf5.lib(H5SMmessage.obj)”或在“C:\Users\Administrator\Documents\Visual Studio 2013\Projects\ReadHdf5File\Debug\vc120.pdb”中寻找)；正在链接对象，如同没有调试信息一样
     1>libhdf5.lib(H5T.obj) : warning LNK4099: 未找到 PDB“vc120.pdb”(使用“libhdf5.lib(H5T.obj)”或在“C:\Users\Administrator\Documents\Visual Studio 2013\Projects\ReadHdf5File\Debug\vc120.pdb”中寻找)；正在链接对象，如同没有调试信息一样
     1>libhdf5.lib(H5Tarray.obj) : warning LNK4099: 未找到 PDB“vc120.pdb”(使用“libhdf5.lib(H5Tarray.obj)”或在“C:\Users\Administrator\Documents\Visual Studio 2013\Projects\ReadHdf5File\Debug\vc120.pdb”中寻找)；正在链接对象，如同没有调试信息一样
     1>libhdf5.lib(H5Tbit.obj) : warning LNK4099: 未找到 PDB“vc120.pdb”(使用“libhdf5.lib(H5Tbit.obj)”或在“C:\Users\Administrator\Documents\Visual Studio 2013\Projects\ReadHdf5File\Debug\vc120.pdb”中寻找)；正在链接对象，如同没有调试信息一样
     1>libhdf5.lib(H5Tcommit.obj) : warning LNK4099: 未找到 PDB“vc120.pdb”(使用“libhdf5.lib(H5Tcommit.obj)”或在“C:\Users\Administrator\Documents\Visual Studio 2013\Projects\ReadHdf5File\Debug\vc120.pdb”中寻找)；正在链接对象，如同没有调试信息一样
     1>libhdf5.lib(H5Tcompound.obj) : warning LNK4099: 未找到 PDB“vc120.pdb”(使用“libhdf5.lib(H5Tcompound.obj)”或在“C:\Users\Administrator\Documents\Visual Studio 2013\Projects\ReadHdf5File\Debug\vc120.pdb”中寻找)；正在链接对象，如同没有调试信息一样
     1>libhdf5.lib(H5Tconv.obj) : warning LNK4099: 未找到 PDB“vc120.pdb”(使用“libhdf5.lib(H5Tconv.obj)”或在“C:\Users\Administrator\Documents\Visual Studio 2013\Projects\ReadHdf5File\Debug\vc120.pdb”中寻找)；正在链接对象，如同没有调试信息一样
     1>libhdf5.lib(H5Tdbg.obj) : warning LNK4099: 未找到 PDB“vc120.pdb”(使用“libhdf5.lib(H5Tdbg.obj)”或在“C:\Users\Administrator\Documents\Visual Studio 2013\Projects\ReadHdf5File\Debug\vc120.pdb”中寻找)；正在链接对象，如同没有调试信息一样
     1>libhdf5.lib(H5Tdeprec.obj) : warning LNK4099: 未找到 PDB“vc120.pdb”(使用“libhdf5.lib(H5Tdeprec.obj)”或在“C:\Users\Administrator\Documents\Visual Studio 2013\Projects\ReadHdf5File\Debug\vc120.pdb”中寻找)；正在链接对象，如同没有调试信息一样
     1>libhdf5.lib(H5Tfields.obj) : warning LNK4099: 未找到 PDB“vc120.pdb”(使用“libhdf5.lib(H5Tfields.obj)”或在“C:\Users\Administrator\Documents\Visual Studio 2013\Projects\ReadHdf5File\Debug\vc120.pdb”中寻找)；正在链接对象，如同没有调试信息一样
     1>libhdf5.lib(H5Tfixed.obj) : warning LNK4099: 未找到 PDB“vc120.pdb”(使用“libhdf5.lib(H5Tfixed.obj)”或在“C:\Users\Administrator\Documents\Visual Studio 2013\Projects\ReadHdf5File\Debug\vc120.pdb”中寻找)；正在链接对象，如同没有调试信息一样
     1>libhdf5.lib(H5Toffset.obj) : warning LNK4099: 未找到 PDB“vc120.pdb”(使用“libhdf5.lib(H5Toffset.obj)”或在“C:\Users\Administrator\Documents\Visual Studio 2013\Projects\ReadHdf5File\Debug\vc120.pdb”中寻找)；正在链接对象，如同没有调试信息一样
     1>libhdf5.lib(H5Toh.obj) : warning LNK4099: 未找到 PDB“vc120.pdb”(使用“libhdf5.lib(H5Toh.obj)”或在“C:\Users\Administrator\Documents\Visual Studio 2013\Projects\ReadHdf5File\Debug\vc120.pdb”中寻找)；正在链接对象，如同没有调试信息一样
     1>libhdf5.lib(H5Torder.obj) : warning LNK4099: 未找到 PDB“vc120.pdb”(使用“libhdf5.lib(H5Torder.obj)”或在“C:\Users\Administrator\Documents\Visual Studio 2013\Projects\ReadHdf5File\Debug\vc120.pdb”中寻找)；正在链接对象，如同没有调试信息一样
     1>libhdf5.lib(H5Tprecis.obj) : warning LNK4099: 未找到 PDB“vc120.pdb”(使用“libhdf5.lib(H5Tprecis.obj)”或在“C:\Users\Administrator\Documents\Visual Studio 2013\Projects\ReadHdf5File\Debug\vc120.pdb”中寻找)；正在链接对象，如同没有调试信息一样
     1>libhdf5.lib(H5Tvisit.obj) : warning LNK4099: 未找到 PDB“vc120.pdb”(使用“libhdf5.lib(H5Tvisit.obj)”或在“C:\Users\Administrator\Documents\Visual Studio 2013\Projects\ReadHdf5File\Debug\vc120.pdb”中寻找)；正在链接对象，如同没有调试信息一样
     1>libhdf5.lib(H5Tvlen.obj) : warning LNK4099: 未找到 PDB“vc120.pdb”(使用“libhdf5.lib(H5Tvlen.obj)”或在“C:\Users\Administrator\Documents\Visual Studio 2013\Projects\ReadHdf5File\Debug\vc120.pdb”中寻找)；正在链接对象，如同没有调试信息一样
     1>libhdf5.lib(H5Z.obj) : warning LNK4099: 未找到 PDB“vc120.pdb”(使用“libhdf5.lib(H5Z.obj)”或在“C:\Users\Administrator\Documents\Visual Studio 2013\Projects\ReadHdf5File\Debug\vc120.pdb”中寻找)；正在链接对象，如同没有调试信息一样
     1>libhdf5.lib(H5Zdeflate.obj) : warning LNK4099: 未找到 PDB“vc120.pdb”(使用“libhdf5.lib(H5Zdeflate.obj)”或在“C:\Users\Administrator\Documents\Visual Studio 2013\Projects\ReadHdf5File\Debug\vc120.pdb”中寻找)；正在链接对象，如同没有调试信息一样
     1>libhdf5.lib(H5Zfletcher32.obj) : warning LNK4099: 未找到 PDB“vc120.pdb”(使用“libhdf5.lib(H5Zfletcher32.obj)”或在“C:\Users\Administrator\Documents\Visual Studio 2013\Projects\ReadHdf5File\Debug\vc120.pdb”中寻找)；正在链接对象，如同没有调试信息一样
     1>libhdf5.lib(H5Znbit.obj) : warning LNK4099: 未找到 PDB“vc120.pdb”(使用“libhdf5.lib(H5Znbit.obj)”或在“C:\Users\Administrator\Documents\Visual Studio 2013\Projects\ReadHdf5File\Debug\vc120.pdb”中寻找)；正在链接对象，如同没有调试信息一样
     1>libhdf5.lib(H5Zscaleoffset.obj) : warning LNK4099: 未找到 PDB“vc120.pdb”(使用“libhdf5.lib(H5Zscaleoffset.obj)”或在“C:\Users\Administrator\Documents\Visual Studio 2013\Projects\ReadHdf5File\Debug\vc120.pdb”中寻找)；正在链接对象，如同没有调试信息一样
     1>libhdf5.lib(H5Zshuffle.obj) : warning LNK4099: 未找到 PDB“vc120.pdb”(使用“libhdf5.lib(H5Zshuffle.obj)”或在“C:\Users\Administrator\Documents\Visual Studio 2013\Projects\ReadHdf5File\Debug\vc120.pdb”中寻找)；正在链接对象，如同没有调试信息一样
     1>libhdf5.lib(H5Zszip.obj) : warning LNK4099: 未找到 PDB“vc120.pdb”(使用“libhdf5.lib(H5Zszip.obj)”或在“C:\Users\Administrator\Documents\Visual Studio 2013\Projects\ReadHdf5File\Debug\vc120.pdb”中寻找)；正在链接对象，如同没有调试信息一样
     1>libhdf5.lib(H5Ztrans.obj) : warning LNK4099: 未找到 PDB“vc120.pdb”(使用“libhdf5.lib(H5Ztrans.obj)”或在“C:\Users\Administrator\Documents\Visual Studio 2013\Projects\ReadHdf5File\Debug\vc120.pdb”中寻找)；正在链接对象，如同没有调试信息一样
     1>libhdf5.lib(H5C.obj) : warning LNK4099: 未找到 PDB“vc120.pdb”(使用“libhdf5.lib(H5C.obj)”或在“C:\Users\Administrator\Documents\Visual Studio 2013\Projects\ReadHdf5File\Debug\vc120.pdb”中寻找)；正在链接对象，如同没有调试信息一样
     1>libhdf5.lib(H5FL.obj) : warning LNK4099: 未找到 PDB“vc120.pdb”(使用“libhdf5.lib(H5FL.obj)”或在“C:\Users\Administrator\Documents\Visual Studio 2013\Projects\ReadHdf5File\Debug\vc120.pdb”中寻找)；正在链接对象，如同没有调试信息一样
     1>libhdf5.lib(H5FO.obj) : warning LNK4099: 未找到 PDB“vc120.pdb”(使用“libhdf5.lib(H5FO.obj)”或在“C:\Users\Administrator\Documents\Visual Studio 2013\Projects\ReadHdf5File\Debug\vc120.pdb”中寻找)；正在链接对象，如同没有调试信息一样
     1>libhdf5.lib(H5I.obj) : warning LNK4099: 未找到 PDB“vc120.pdb”(使用“libhdf5.lib(H5I.obj)”或在“C:\Users\Administrator\Documents\Visual Studio 2013\Projects\ReadHdf5File\Debug\vc120.pdb”中寻找)；正在链接对象，如同没有调试信息一样
     1>libhdf5.lib(H5L.obj) : warning LNK4099: 未找到 PDB“vc120.pdb”(使用“libhdf5.lib(H5L.obj)”或在“C:\Users\Administrator\Documents\Visual Studio 2013\Projects\ReadHdf5File\Debug\vc120.pdb”中寻找)；正在链接对象，如同没有调试信息一样
     1>libhdf5.lib(H5Lexternal.obj) : warning LNK4099: 未找到 PDB“vc120.pdb”(使用“libhdf5.lib(H5Lexternal.obj)”或在“C:\Users\Administrator\Documents\Visual Studio 2013\Projects\ReadHdf5File\Debug\vc120.pdb”中寻找)；正在链接对象，如同没有调试信息一样
     1>libhdf5.lib(H5MM.obj) : warning LNK4099: 未找到 PDB“vc120.pdb”(使用“libhdf5.lib(H5MM.obj)”或在“C:\Users\Administrator\Documents\Visual Studio 2013\Projects\ReadHdf5File\Debug\vc120.pdb”中寻找)；正在链接对象，如同没有调试信息一样
     1>libhdf5.lib(H5SL.obj) : warning LNK4099: 未找到 PDB“vc120.pdb”(使用“libhdf5.lib(H5SL.obj)”或在“C:\Users\Administrator\Documents\Visual Studio 2013\Projects\ReadHdf5File\Debug\vc120.pdb”中寻找)；正在链接对象，如同没有调试信息一样
     1>libhdf5.lib(H5VM.obj) : warning LNK4099: 未找到 PDB“vc120.pdb”(使用“libhdf5.lib(H5VM.obj)”或在“C:\Users\Administrator\Documents\Visual Studio 2013\Projects\ReadHdf5File\Debug\vc120.pdb”中寻找)；正在链接对象，如同没有调试信息一样
     1>libhdf5.lib(H5WB.obj) : warning LNK4099: 未找到 PDB“vc120.pdb”(使用“libhdf5.lib(H5WB.obj)”或在“C:\Users\Administrator\Documents\Visual Studio 2013\Projects\ReadHdf5File\Debug\vc120.pdb”中寻找)；正在链接对象，如同没有调试信息一样
     1>libhdf5.lib(H5Tinit.obj) : warning LNK4099: 未找到 PDB“vc120.pdb”(使用“libhdf5.lib(H5Tinit.obj)”或在“C:\Users\Administrator\Documents\Visual Studio 2013\Projects\ReadHdf5File\Debug\vc120.pdb”中寻找)；正在链接对象，如同没有调试信息一样
     1>libhdf5.lib(H5lib_settings.obj) : warning LNK4099: 未找到 PDB“vc120.pdb”(使用“libhdf5.lib(H5lib_settings.obj)”或在“C:\Users\Administrator\Documents\Visual Studio 2013\Projects\ReadHdf5File\Debug\vc120.pdb”中寻找)；正在链接对象，如同没有调试信息一样
         ReadHdf5File.vcxproj -> C:\Users\Administrator\Documents\Visual Studio 2013\Projects\ReadHdf5File\Debug\ReadHdf5File.exe
     1>已完成生成项目“C:\Users\Administrator\Documents\Visual Studio 2013\Projects\ReadHdf5File\ReadHdf5File\ReadHdf5File.vcxproj”(Build 个目标)的操作。

生成成功。

已用时间 00:00:02.70
